Traceback (most recent call last):
  File "/gpfs/projects/bgmp/adayton/bioinfo/Bi622/Demultiplex/Assignment-the-third/./demultiplex.py", line 64, in <module>
    openoutput = {filename: open(filename, 'w') for filename in output_files}
                            ^^^^^^^^^^^^^^^^^^^
FileNotFoundError: [Errno 2] No such file or directory: '2017_demultiplex/demux_matched_GTAGCGTA_R1.txt'
Command exited with non-zero status 1
	Command being timed: "./demultiplex.py -r1 /projects/bgmp/shared/2017_sequencing/1294_S1_L008_R1_001.fastq.gz -r2 /projects/bgmp/shared/2017_sequencing/1294_S1_L008_R2_001.fastq.gz -r3 /projects/bgmp/shared/2017_sequencing/1294_S1_L008_R3_001.fastq.gz -r4 /projects/bgmp/shared/2017_sequencing/1294_S1_L008_R4_001.fastq.gz -i /projects/bgmp/shared/2017_sequencing/indexes.txt -o 2017_demultiplex/"
	User time (seconds): 0.96
	System time (seconds): 0.07
	Percent of CPU this job got: 221%
	Elapsed (wall clock) time (h:mm:ss or m:ss): 0:00.46
	Average shared text size (kbytes): 0
	Average unshared data size (kbytes): 0
	Average stack size (kbytes): 0
	Average total size (kbytes): 0
	Maximum resident set size (kbytes): 56712
	Average resident set size (kbytes): 0
	Major (requiring I/O) page faults: 0
	Minor (reclaiming a frame) page faults: 12240
	Voluntary context switches: 537
	Involuntary context switches: 13
	Swaps: 0
	File system inputs: 0
	File system outputs: 0
	Socket messages sent: 0
	Socket messages received: 0
	Signals delivered: 0
	Page size (bytes): 4096
	Exit status: 1
