/var/spool/slurm/job7641609/slurm_script: line 12: read1: command not found
/var/spool/slurm/job7641609/slurm_script: line 13: index1: command not found
/var/spool/slurm/job7641609/slurm_script: line 14: index2: command not found
/var/spool/slurm/job7641609/slurm_script: line 15: read2: command not found
Traceback (most recent call last):
  File "/gpfs/projects/bgmp/adayton/bioinfo/Bi622/Demultiplex/Assignment-the-first/./perbasehist.py", line 47, in <module>
    phred_list = mean_phred(args.file, args.readlen, args.unzip)
                 ^^^^^^^^^^^^^^^^^^^^^^^^^^^^^^^^^^^^^^^^^^^^^^^
  File "/gpfs/projects/bgmp/adayton/bioinfo/Bi622/Demultiplex/Assignment-the-first/./perbasehist.py", line 25, in mean_phred
    with gzip.open(file, 'rt') as fh:
         ^^^^^^^^^^^^^^^^^^^^^
  File "/projects/bgmp/adayton/miniforge3/lib/python3.12/gzip.py", line 61, in open
    binary_file = GzipFile(filename, gz_mode, compresslevel)
                  ^^^^^^^^^^^^^^^^^^^^^^^^^^^^^^^^^^^^^^^^^^
  File "/projects/bgmp/adayton/miniforge3/lib/python3.12/gzip.py", line 192, in __init__
    fileobj = self.myfileobj = builtins.open(filename, mode or 'rb')
                               ^^^^^^^^^^^^^^^^^^^^^^^^^^^^^^^^^^^^^
FileNotFoundError: [Errno 2] No such file or directory: 'read1'
Command exited with non-zero status 1
	Command being timed: "./perbasehist.py -f read1 -l 101 -u True -o R1_perbasehist.png"
	User time (seconds): 1.50
	System time (seconds): 0.16
	Percent of CPU this job got: 24%
	Elapsed (wall clock) time (h:mm:ss or m:ss): 0:06.90
	Average shared text size (kbytes): 0
	Average unshared data size (kbytes): 0
	Average stack size (kbytes): 0
	Average total size (kbytes): 0
	Maximum resident set size (kbytes): 53660
	Average resident set size (kbytes): 0
	Major (requiring I/O) page faults: 0
	Minor (reclaiming a frame) page faults: 11979
	Voluntary context switches: 1958
	Involuntary context switches: 15
	Swaps: 0
	File system inputs: 0
	File system outputs: 0
	Socket messages sent: 0
	Socket messages received: 0
	Signals delivered: 0
	Page size (bytes): 4096
	Exit status: 1
